<?xml version="1.0" encoding="UTF-8"?>
<!-- Generated by org.testng.reporters.JUnitReportReporter -->
<testsuite hostname="DESKTOP-SHIQ0J9" failures="0" tests="1" name="com.mini.phones.phones" time="14.070" errors="0" timestamp="2020-10-06T12:07:40 IST" skipped="0">
  <testcase classname="com.mini.phones.phones" name="phonesUnder30k" time="14.070"/>
  <system-out/>
</testsuite> <!-- com.mini.phones.phones -->
